<?xml version="1.0" encoding="UTF-8"?>
<testng-results skipped="0" failed="0" ignored="0" total="4" passed="4">
  <reporter-output>
  </reporter-output>
  <suite name="Default suite" duration-ms="34261" started-at="2020-12-25T09:12:21 IST" finished-at="2020-12-25T09:12:56 IST">
    <groups>
    </groups>
    <test name="Default test" duration-ms="34261" started-at="2020-12-25T09:12:21 IST" finished-at="2020-12-25T09:12:56 IST">
      <class name="test.testclass">
        <test-method status="PASS" signature="setup()[pri:0, instance:test.testclass@1f57539]" name="setup" is-config="true" duration-ms="175" started-at="2020-12-25T09:12:00 IST" finished-at="2020-12-25T09:12:00 IST">
          <reporter-output>
          </reporter-output>
        </test-method> <!-- setup -->
        <test-method status="PASS" signature="setup1()[pri:0, instance:test.testclass@1f57539]" name="setup1" is-config="true" duration-ms="21690" started-at="2020-12-25T09:12:00 IST" depends-on-methods="test.extentclass.setup" finished-at="2020-12-25T09:12:21 IST">
          <reporter-output>
          </reporter-output>
        </test-method> <!-- setup1 -->
        <test-method status="PASS" signature="testing()[pri:0, instance:test.testclass@1f57539]" name="testing" duration-ms="9" started-at="2020-12-25T09:12:21 IST" finished-at="2020-12-25T09:12:21 IST">
          <reporter-output>
          </reporter-output>
        </test-method> <!-- testing -->
        <test-method status="PASS" signature="testin()[pri:0, instance:test.testclass@1f57539]" name="testin" duration-ms="1" started-at="2020-12-25T09:12:21 IST" finished-at="2020-12-25T09:12:21 IST">
          <reporter-output>
          </reporter-output>
        </test-method> <!-- testin -->
        <test-method status="PASS" signature="testone()[pri:0, instance:test.testclass@1f57539]" name="testone" duration-ms="12524" started-at="2020-12-25T09:12:21 IST" finished-at="2020-12-25T09:12:34 IST">
          <reporter-output>
          </reporter-output>
        </test-method> <!-- testone -->
        <test-method status="PASS" signature="testtwo()[pri:0, instance:test.testclass@1f57539]" name="testtwo" duration-ms="21704" started-at="2020-12-25T09:12:34 IST" finished-at="2020-12-25T09:12:56 IST">
          <reporter-output>
          </reporter-output>
        </test-method> <!-- testtwo -->
        <test-method status="PASS" signature="teardown()[pri:0, instance:test.testclass@1f57539]" name="teardown" is-config="true" duration-ms="0" started-at="2020-12-25T09:12:56 IST" finished-at="2020-12-25T09:12:56 IST">
          <reporter-output>
          </reporter-output>
        </test-method> <!-- teardown -->
      </class> <!-- test.testclass -->
    </test> <!-- Default test -->
  </suite> <!-- Default suite -->
</testng-results>
