<?xml version="1.0" encoding="UTF-8"?>
<!-- Generated by org.testng.reporters.JUnitXMLReporter -->
<testsuite hostname="LAPTOP-4A09D7UF" ignored="0" name="Default test" tests="4" failures="0" timestamp="2020-12-25T09:12:56 IST" time="34.261" errors="0">
  <testcase name="testing" time="0.009" classname="test.baseclass"/>
  <testcase name="testin" time="0.001" classname="test.extentclass"/>
  <testcase name="testone" time="12.524" classname="test.testclass"/>
  <testcase name="testtwo" time="21.704" classname="test.testclass"/>
</testsuite> <!-- Default test -->
